Android_Xonix/app/build/intermediates/manifest_merge_blame_file/debug/manifest-merger-blame-debug-report.txt
1<?xml version="1.0" encoding="utf-8"?>
2<manifest xmlns:android="http://schemas.android.com/apk/res/android"
3    package="com.example.xonix"
4    android:versionCode="1"
5    android:versionName="1.0" >
6
7    <uses-sdk
8        android:minSdkVersion="14"
8-->src\main\AndroidManifest.xml
9        android:targetSdkVersion="29" />
9-->src\main\AndroidManifest.xml
10
11    <uses-permission android:name="android.permission.VIBRATE" />
11-->src\main\AndroidManifest.xml:5:5-66
11-->src\main\AndroidManifest.xml:5:22-63
12    <uses-permission android:name="android.permission.VIBRATE" />
12-->src\main\AndroidManifest.xml:5:5-66
12-->src\main\AndroidManifest.xml:5:22-63
13
14    <application
14-->src\main\AndroidManifest.xml:6:5-26:19
15        android:allowBackup="true"
15-->src\main\AndroidManifest.xml:7:9-35
16        android:appComponentFactory="androidx.core.app.CoreComponentFactory"
16-->[androidx.core:core:1.1.0] AndroidManifest.xml:24:18-86
17        android:debuggable="true"
18        android:icon="@mipmap/ic_launcher"
18-->src\main\AndroidManifest.xml:8:9-43
19        android:label="@string/app_name"
19-->src\main\AndroidManifest.xml:9:9-41
20        android:roundIcon="@mipmap/ic_launcher_round"
20-->src\main\AndroidManifest.xml:10:9-54
21        android:supportsRtl="true"
21-->src\main\AndroidManifest.xml:11:9-35
22        android:testOnly="true"
23        android:theme="@style/AppTheme" >
23-->src\main\AndroidManifest.xml:12:9-40
24        <activity
24-->src\main\AndroidManifest.xml:13:9-21:20
25            android:name="com.example.xonix.MainActivity"
25-->src\main\AndroidManifest.xml:13:19-47
26            android:screenOrientation="portrait"
26-->src\main\AndroidManifest.xml:15:13-49
27            android:theme="@style/Theme.AppCompat.Light.NoActionBar" >
27-->src\main\AndroidManifest.xml:14:13-69
28            <intent-filter>
28-->src\main\AndroidManifest.xml:16:13-20:29
29                <action android:name="android.intent.action.MAIN" />
29-->src\main\AndroidManifest.xml:17:17-69
29-->src\main\AndroidManifest.xml:17:25-66
30
31                <category android:name="android.intent.category.LAUNCHER" />
31-->src\main\AndroidManifest.xml:19:17-77
31-->src\main\AndroidManifest.xml:19:27-74
32            </intent-filter>
33        </activity>
34        <activity
34-->src\main\AndroidManifest.xml:22:9-25:20
35            android:name="com.example.xonix.GameActivity"
35-->src\main\AndroidManifest.xml:22:19-47
36            android:screenOrientation="portrait"
36-->src\main\AndroidManifest.xml:24:13-49
37            android:theme="@style/Theme.AppCompat.Light.NoActionBar" >
37-->src\main\AndroidManifest.xml:23:13-69
38        </activity>
39    </application>
40
41</manifest>